<?xml version="1.0" encoding="UTF-8"?>
<!-- Generated by org.testng.reporters.JUnitReportReporter -->
<testsuite skipped="0" hostname="LP-PC0MQFYK" name="SeleniumGrid.SeleniumGrid" tests="1" failures="0" timestamp="16 Apr 2019 15:30:51 GMT" time="8.654" errors="0">
  <testcase name="f" time="8.654" classname="SeleniumGrid.SeleniumGrid"/>
</testsuite> <!-- SeleniumGrid.SeleniumGrid -->
